-------------------------------------------------------------------------------
Test set: io.github.joshy56.portfoliofrontend.PortfolioBackendApplicationTests
-------------------------------------------------------------------------------
Tests run: 1, Failures: 0, Errors: 1, Skipped: 0, Time elapsed: 0.429 s <<< FAILURE! - in io.github.joshy56.portfoliofrontend.PortfolioBackendApplicationTests
io.github.joshy56.portfoliofrontend.PortfolioBackendApplicationTests  Time elapsed: 0.428 s  <<< ERROR!
java.lang.IllegalStateException: Unable to find a @SpringBootConfiguration, you need to use @ContextConfiguration or @SpringBootTest(classes=...) with your test

